<?xml version="1.0" encoding="UTF-8"?>
<!-- Generated by org.testng.reporters.JUnitReportReporter -->
<testsuite hostname="DESKTOP-6ENKMPS" failures="0" tests="1" name="Pages.Beginner" time="2.529" errors="0" timestamp="2023-12-31T21:47:21 IST" skipped="0">
  <testcase classname="Pages.Beginner" name="headers" time="2.529"/>
  <system-out/>
</testsuite> <!-- Pages.Beginner -->
