<?xml version="1.0" encoding="UTF-8"?>
<!-- Generated by org.testng.reporters.JUnitReportReporter -->
<testsuite hostname="DESKTOP-6ENKMPS" failures="0" tests="1" name="Pages.Beginner" time="3.143" errors="0" timestamp="2023-12-30T20:57:57 GMT-08:00" skipped="0">
  <testcase classname="Pages.Beginner" name="postTestWithPOJOClass" time="3.143"/>
  <system-out/>
</testsuite> <!-- Pages.Beginner -->
